{"/home/max/Documentos/semana-js-avancado/server/config.js": {"path":"/home/max/Documentos/semana-js-avancado/server/config.js","statementMap":{"0":{"start":{"line":4,"column":19},"end":{"line":4,"column":58}},"1":{"start":{"line":5,"column":13},"end":{"line":5,"column":36}},"2":{"start":{"line":6,"column":23},"end":{"line":6,"column":42}},"3":{"start":{"line":7,"column":24},"end":{"line":7,"column":44}}},"fnMap":{},"branchMap":{"0":{"loc":{"start":{"line":10,"column":8},"end":{"line":10,"column":32}},"type":"binary-expr","locations":[{"start":{"line":10,"column":8},"end":{"line":10,"column":24}},{"start":{"line":10,"column":28},"end":{"line":10,"column":32}}],"line":10}},"s":{"0":1,"1":1,"2":1,"3":1},"f":{},"b":{"0":[1,1]},"_coverageSchema":"1a1c01bbd47fc00a2c39e90264f33305004495a9","hash":"5657cb0e74797e2f5de7d1574b287c0625eaab27"}
,"/home/max/Documentos/semana-js-avancado/server/controller.js": {"path":"/home/max/Documentos/semana-js-avancado/server/controller.js","statementMap":{"0":{"start":{"line":5,"column":4},"end":{"line":5,"column":32}},"1":{"start":{"line":9,"column":4},"end":{"line":9,"column":47}}},"fnMap":{"0":{"name":"(anonymous_0)","decl":{"start":{"line":4,"column":2},"end":{"line":4,"column":3}},"loc":{"start":{"line":4,"column":16},"end":{"line":6,"column":3}},"line":4},"1":{"name":"(anonymous_1)","decl":{"start":{"line":8,"column":2},"end":{"line":8,"column":3}},"loc":{"start":{"line":8,"column":32},"end":{"line":10,"column":3}},"line":8}},"branchMap":{},"s":{"0":1,"1":0},"f":{"0":1,"1":0},"b":{},"_coverageSchema":"1a1c01bbd47fc00a2c39e90264f33305004495a9","hash":"8a46330a59d9ea5ce38a27883a325c11c4095e1e"}
,"/home/max/Documentos/semana-js-avancado/server/routes.js": {"path":"/home/max/Documentos/semana-js-avancado/server/routes.js","statementMap":{"0":{"start":{"line":14,"column":4},"end":{"line":14,"column":10}},"1":{"start":{"line":16,"column":19},"end":{"line":16,"column":35}},"2":{"start":{"line":19,"column":26},"end":{"line":19,"column":33}},"3":{"start":{"line":21,"column":2},"end":{"line":27,"column":3}},"4":{"start":{"line":22,"column":4},"end":{"line":24,"column":6}},"5":{"start":{"line":26,"column":4},"end":{"line":26,"column":25}},"6":{"start":{"line":29,"column":2},"end":{"line":35,"column":3}},"7":{"start":{"line":32,"column":8},"end":{"line":32,"column":48}},"8":{"start":{"line":34,"column":4},"end":{"line":34,"column":32}},"9":{"start":{"line":37,"column":2},"end":{"line":43,"column":3}},"10":{"start":{"line":40,"column":8},"end":{"line":40,"column":54}},"11":{"start":{"line":42,"column":4},"end":{"line":42,"column":32}},"12":{"start":{"line":45,"column":2},"end":{"line":59,"column":3}},"13":{"start":{"line":49,"column":8},"end":{"line":49,"column":43}},"14":{"start":{"line":50,"column":24},"end":{"line":50,"column":42}},"15":{"start":{"line":51,"column":4},"end":{"line":55,"column":5}},"16":{"start":{"line":52,"column":6},"end":{"line":54,"column":8}},"17":{"start":{"line":58,"column":4},"end":{"line":58,"column":32}},"18":{"start":{"line":61,"column":2},"end":{"line":61,"column":25}},"19":{"start":{"line":62,"column":2},"end":{"line":62,"column":23}},"20":{"start":{"line":66,"column":2},"end":{"line":70,"column":3}},"21":{"start":{"line":67,"column":4},"end":{"line":67,"column":49}},"22":{"start":{"line":68,"column":4},"end":{"line":68,"column":27}},"23":{"start":{"line":69,"column":4},"end":{"line":69,"column":25}},"24":{"start":{"line":72,"column":2},"end":{"line":72,"column":52}},"25":{"start":{"line":73,"column":2},"end":{"line":73,"column":25}},"26":{"start":{"line":74,"column":2},"end":{"line":74,"column":23}},"27":{"start":{"line":78,"column":2},"end":{"line":79,"column":49}},"28":{"start":{"line":79,"column":20},"end":{"line":79,"column":48}}},"fnMap":{"0":{"name":"routes","decl":{"start":{"line":18,"column":15},"end":{"line":18,"column":21}},"loc":{"start":{"line":18,"column":42},"end":{"line":63,"column":1}},"line":18},"1":{"name":"handleError","decl":{"start":{"line":65,"column":9},"end":{"line":65,"column":20}},"loc":{"start":{"line":65,"column":38},"end":{"line":75,"column":1}},"line":65},"2":{"name":"handler","decl":{"start":{"line":77,"column":16},"end":{"line":77,"column":23}},"loc":{"start":{"line":77,"column":44},"end":{"line":80,"column":1}},"line":77},"3":{"name":"(anonymous_3)","decl":{"start":{"line":79,"column":11},"end":{"line":79,"column":12}},"loc":{"start":{"line":79,"column":20},"end":{"line":79,"column":48}},"line":79}},"branchMap":{"0":{"loc":{"start":{"line":21,"column":2},"end":{"line":27,"column":3}},"type":"if","locations":[{"start":{"line":21,"column":2},"end":{"line":27,"column":3}},{"start":{},"end":{}}],"line":21},"1":{"loc":{"start":{"line":21,"column":5},"end":{"line":21,"column":36}},"type":"binary-expr","locations":[{"start":{"line":21,"column":5},"end":{"line":21,"column":21}},{"start":{"line":21,"column":25},"end":{"line":21,"column":36}}],"line":21},"2":{"loc":{"start":{"line":29,"column":2},"end":{"line":35,"column":3}},"type":"if","locations":[{"start":{"line":29,"column":2},"end":{"line":35,"column":3}},{"start":{},"end":{}}],"line":29},"3":{"loc":{"start":{"line":29,"column":5},"end":{"line":29,"column":39}},"type":"binary-expr","locations":[{"start":{"line":29,"column":5},"end":{"line":29,"column":21}},{"start":{"line":29,"column":25},"end":{"line":29,"column":39}}],"line":29},"4":{"loc":{"start":{"line":37,"column":2},"end":{"line":43,"column":3}},"type":"if","locations":[{"start":{"line":37,"column":2},"end":{"line":43,"column":3}},{"start":{},"end":{}}],"line":37},"5":{"loc":{"start":{"line":37,"column":5},"end":{"line":37,"column":45}},"type":"binary-expr","locations":[{"start":{"line":37,"column":5},"end":{"line":37,"column":21}},{"start":{"line":37,"column":25},"end":{"line":37,"column":45}}],"line":37},"6":{"loc":{"start":{"line":45,"column":2},"end":{"line":59,"column":3}},"type":"if","locations":[{"start":{"line":45,"column":2},"end":{"line":59,"column":3}},{"start":{},"end":{}}],"line":45},"7":{"loc":{"start":{"line":51,"column":4},"end":{"line":55,"column":5}},"type":"if","locations":[{"start":{"line":51,"column":4},"end":{"line":55,"column":5}},{"start":{},"end":{}}],"line":51},"8":{"loc":{"start":{"line":66,"column":2},"end":{"line":70,"column":3}},"type":"if","locations":[{"start":{"line":66,"column":2},"end":{"line":70,"column":3}},{"start":{},"end":{}}],"line":66}},"s":{"0":1,"1":1,"2":5,"3":5,"4":1,"5":1,"6":4,"7":1,"8":1,"9":3,"10":0,"11":0,"12":3,"13":2,"14":1,"15":1,"16":1,"17":1,"18":1,"19":1,"20":1,"21":1,"22":1,"23":1,"24":0,"25":0,"26":0,"27":5,"28":1},"f":{"0":5,"1":1,"2":5,"3":1},"b":{"0":[1,4],"1":[5,4],"2":[1,3],"3":[4,3],"4":[0,3],"5":[3,2],"6":[2,1],"7":[1,0],"8":[1,0]},"_coverageSchema":"1a1c01bbd47fc00a2c39e90264f33305004495a9","hash":"a23c1d6f57409daabd7b9b553ccb5fa613bb7d8d"}
,"/home/max/Documentos/semana-js-avancado/server/service.js": {"path":"/home/max/Documentos/semana-js-avancado/server/service.js","statementMap":{"0":{"start":{"line":10,"column":4},"end":{"line":10,"column":10}},"1":{"start":{"line":14,"column":4},"end":{"line":14,"column":40}},"2":{"start":{"line":18,"column":25},"end":{"line":18,"column":52}},"3":{"start":{"line":20,"column":4},"end":{"line":20,"column":41}},"4":{"start":{"line":21,"column":21},"end":{"line":21,"column":42}},"5":{"start":{"line":23,"column":4},"end":{"line":26,"column":5}},"6":{"start":{"line":33,"column":8},"end":{"line":33,"column":36}},"7":{"start":{"line":34,"column":4},"end":{"line":37,"column":5}}},"fnMap":{"0":{"name":"(anonymous_0)","decl":{"start":{"line":13,"column":2},"end":{"line":13,"column":3}},"loc":{"start":{"line":13,"column":29},"end":{"line":15,"column":3}},"line":13},"1":{"name":"(anonymous_1)","decl":{"start":{"line":17,"column":2},"end":{"line":17,"column":3}},"loc":{"start":{"line":17,"column":26},"end":{"line":27,"column":3}},"line":17},"2":{"name":"(anonymous_2)","decl":{"start":{"line":29,"column":2},"end":{"line":29,"column":3}},"loc":{"start":{"line":29,"column":28},"end":{"line":38,"column":3}},"line":29}},"branchMap":{},"s":{"0":1,"1":0,"2":0,"3":0,"4":0,"5":0,"6":0,"7":0},"f":{"0":0,"1":0,"2":0},"b":{},"_coverageSchema":"1a1c01bbd47fc00a2c39e90264f33305004495a9","hash":"deec6e92a728c51aa0b9e8957d4b73c9e6535a17"}
,"/home/max/Documentos/semana-js-avancado/server/utils.js": {"path":"/home/max/Documentos/semana-js-avancado/server/utils.js","statementMap":{"0":{"start":{"line":3,"column":12},"end":{"line":11,"column":2}},"1":{"start":{"line":13,"column":22},"end":{"line":13,"column":25}}},"fnMap":{},"branchMap":{},"s":{"0":1,"1":1},"f":{},"b":{},"_coverageSchema":"1a1c01bbd47fc00a2c39e90264f33305004495a9","hash":"334133418d12d79237f0b09e9a94a9c8bb982e94"}
,"/home/max/Documentos/semana-js-avancado/tests/unit/_util/testUtil.js": {"path":"/home/max/Documentos/semana-js-avancado/tests/unit/_util/testUtil.js","statementMap":{"0":{"start":{"line":8,"column":4},"end":{"line":16,"column":6}},"1":{"start":{"line":10,"column":8},"end":{"line":12,"column":9}},"2":{"start":{"line":11,"column":10},"end":{"line":11,"column":25}},"3":{"start":{"line":14,"column":8},"end":{"line":14,"column":23}},"4":{"start":{"line":20,"column":4},"end":{"line":26,"column":6}},"5":{"start":{"line":22,"column":8},"end":{"line":22,"column":22}},"6":{"start":{"line":24,"column":8},"end":{"line":24,"column":23}},"7":{"start":{"line":30,"column":26},"end":{"line":30,"column":80}},"8":{"start":{"line":31,"column":21},"end":{"line":31,"column":62}},"9":{"start":{"line":33,"column":17},"end":{"line":43,"column":5}},"10":{"start":{"line":45,"column":6},"end":{"line":48,"column":7}},"11":{"start":{"line":46,"column":22},"end":{"line":46,"column":41}}},"fnMap":{"0":{"name":"(anonymous_0)","decl":{"start":{"line":7,"column":2},"end":{"line":7,"column":3}},"loc":{"start":{"line":7,"column":37},"end":{"line":17,"column":3}},"line":7},"1":{"name":"(anonymous_1)","decl":{"start":{"line":9,"column":6},"end":{"line":9,"column":7}},"loc":{"start":{"line":9,"column":13},"end":{"line":15,"column":7}},"line":9},"2":{"name":"(anonymous_2)","decl":{"start":{"line":19,"column":2},"end":{"line":19,"column":3}},"loc":{"start":{"line":19,"column":40},"end":{"line":27,"column":3}},"line":19},"3":{"name":"(anonymous_3)","decl":{"start":{"line":21,"column":6},"end":{"line":21,"column":7}},"loc":{"start":{"line":21,"column":29},"end":{"line":25,"column":7}},"line":21},"4":{"name":"(anonymous_4)","decl":{"start":{"line":29,"column":2},"end":{"line":29,"column":3}},"loc":{"start":{"line":29,"column":32},"end":{"line":49,"column":3}},"line":29},"5":{"name":"(anonymous_5)","decl":{"start":{"line":31,"column":53},"end":{"line":31,"column":54}},"loc":{"start":{"line":31,"column":59},"end":{"line":31,"column":61}},"line":31},"6":{"name":"(anonymous_6)","decl":{"start":{"line":46,"column":16},"end":{"line":46,"column":17}},"loc":{"start":{"line":46,"column":22},"end":{"line":46,"column":41}},"line":46}},"branchMap":{},"s":{"0":7,"1":0,"2":0,"3":0,"4":5,"5":0,"6":0,"7":5,"8":5,"9":5,"10":5,"11":5},"f":{"0":7,"1":0,"2":5,"3":0,"4":5,"5":0,"6":5},"b":{},"_coverageSchema":"1a1c01bbd47fc00a2c39e90264f33305004495a9","hash":"62230b83202e3f665ca80a68190c88320bdb40d5"}
}
