TN:
SF:server/config.js
FNF:0
FNH:0
DA:4,1
DA:5,1
DA:6,1
DA:7,1
LF:4
LH:4
BRDA:10,0,0,1
BRDA:10,0,1,1
BRF:2
BRH:2
end_of_record
TN:
SF:server/controller.js
FN:4,(anonymous_0)
FN:8,(anonymous_1)
FNF:2
FNH:1
FNDA:1,(anonymous_0)
FNDA:0,(anonymous_1)
DA:5,1
DA:9,0
LF:2
LH:1
BRF:0
BRH:0
end_of_record
TN:
SF:server/routes.js
FN:18,routes
FN:65,handleError
FN:77,handler
FN:79,(anonymous_3)
FNF:4
FNH:4
FNDA:5,routes
FNDA:1,handleError
FNDA:5,handler
FNDA:1,(anonymous_3)
DA:14,1
DA:16,1
DA:19,5
DA:21,5
DA:22,1
DA:26,1
DA:29,4
DA:32,1
DA:34,1
DA:37,3
DA:40,0
DA:42,0
DA:45,3
DA:49,2
DA:50,1
DA:51,1
DA:52,1
DA:58,1
DA:61,1
DA:62,1
DA:66,1
DA:67,1
DA:68,1
DA:69,1
DA:72,0
DA:73,0
DA:74,0
DA:78,5
DA:79,1
LF:29
LH:24
BRDA:21,0,0,1
BRDA:21,0,1,4
BRDA:21,1,0,5
BRDA:21,1,1,4
BRDA:29,2,0,1
BRDA:29,2,1,3
BRDA:29,3,0,4
BRDA:29,3,1,3
BRDA:37,4,0,0
BRDA:37,4,1,3
BRDA:37,5,0,3
BRDA:37,5,1,2
BRDA:45,6,0,2
BRDA:45,6,1,1
BRDA:51,7,0,1
BRDA:51,7,1,0
BRDA:66,8,0,1
BRDA:66,8,1,0
BRF:18
BRH:15
end_of_record
TN:
SF:server/service.js
FN:13,(anonymous_0)
FN:17,(anonymous_1)
FN:29,(anonymous_2)
FNF:3
FNH:0
FNDA:0,(anonymous_0)
FNDA:0,(anonymous_1)
FNDA:0,(anonymous_2)
DA:10,1
DA:14,0
DA:18,0
DA:20,0
DA:21,0
DA:23,0
DA:33,0
DA:34,0
LF:8
LH:1
BRF:0
BRH:0
end_of_record
TN:
SF:server/utils.js
FNF:0
FNH:0
DA:3,1
DA:13,1
LF:2
LH:2
BRF:0
BRH:0
end_of_record
TN:
SF:tests/unit/_util/testUtil.js
FN:7,(anonymous_0)
FN:9,(anonymous_1)
FN:19,(anonymous_2)
FN:21,(anonymous_3)
FN:29,(anonymous_4)
FN:31,(anonymous_5)
FN:46,(anonymous_6)
FNF:7
FNH:4
FNDA:7,(anonymous_0)
FNDA:0,(anonymous_1)
FNDA:5,(anonymous_2)
FNDA:0,(anonymous_3)
FNDA:5,(anonymous_4)
FNDA:0,(anonymous_5)
FNDA:5,(anonymous_6)
DA:8,7
DA:10,0
DA:11,0
DA:14,0
DA:20,5
DA:22,0
DA:24,0
DA:30,5
DA:31,5
DA:33,5
DA:45,5
DA:46,5
LF:12
LH:7
BRF:0
BRH:0
end_of_record
